<?xml version="1.0" encoding="UTF-8"?>
<!-- Generated by org.testng.reporters.JUnitReportReporter -->
<testsuite hostname="LAPTOP-J2TF772B" failures="0" tests="3" name="com.demo.pet.store.tests.APITest" time="11.612" errors="0" timestamp="2020-10-31T17:05:34 IST" skipped="0">
  <testcase classname="com.demo.pet.store.tests.APITest" name="getDemoPetStore" time="6.291"/>
  <system-out/>
  <testcase classname="com.demo.pet.store.tests.APITest" name="addAndUpdateAvailablePet" time="3.404"/>
  <system-out/>
  <testcase classname="com.demo.pet.store.tests.APITest" name="deleteDemoPet" time="1.917"/>
  <system-out/>
</testsuite> <!-- com.demo.pet.store.tests.APITest -->
