<?xml version="1.0" encoding="UTF-8"?>
<!-- Generated by org.testng.reporters.JUnitReportReporter -->
<testsuite hostname="LAPTOP-J2TF772B" failures="0" tests="1" name="com.demo.pet.store.tests.TC03_PUTRequest" time="7.290" errors="0" timestamp="2020-10-31T16:19:10 IST" skipped="0">
  <testcase classname="com.demo.pet.store.tests.TC03_PUTRequest" name="addAvailablePet" time="7.290"/>
  <system-out/>
</testsuite> <!-- com.demo.pet.store.tests.TC03_PUTRequest -->
