<?xml version="1.0" encoding="UTF-8"?>
<!-- Generated by org.testng.reporters.JUnitReportReporter -->
<testsuite hostname="LAPTOP-J2TF772B" failures="1" tests="1" name="com.demo.pet.store.tests.TC01_GETRequest" time="10.967" errors="0" timestamp="2020-10-30T20:25:20 IST" skipped="0">
  <testcase classname="com.demo.pet.store.tests.TC01_GETRequest" name="getDemoPetStore" time="10.967">
    <failure message="expected [9222968140491052720] but found [[9222968140491052730, 9222968140491052731, 9222968140491052732, 11121, 9222968140491052733, 9222968140491052734, 9222968140491052744, 9222968140491052747, 9222968140491052748, 9222968140491052749, 12, 150, 9222968140491052756, 9222968140491052762, 9222968140491052765, 9222968140491052766, 9222968140491052767, 9222968140491052768, 9222968140491052769, 9222968140491052770, 9222968140491052771, 9222968140491052772, 9222968140491052773, 9222968140491052774, 9222968140491052775, 9222968140491052785, 9222968140491042131, 9222968140491052789, 9222968140491052790, 9222968140491052791, 600, 9222968140491052792, 9222968140491052793, 9222968140491052794, 9222968140491052798, 9222968140491052803, 9222968140491052806, 9222968140491052808, 9222968140491052809, 9222968140491052810, 9222968140491052811, 9222968140491052812, 9222968140491052813, 9222968140491052814, 9222968140491052815, 9222968140491052816, 9222968140491052817, 9222968140491052818, 9222968140491052828, 8005, 9222968140491052831, 9222968140491052832, 9222968140491052833, 5006, 9222968140491052841, 9222968140491052845, 9222968140491052847, 9222968140491052848, 9222968140491052849, 9222968140491052850, 9222968140491052851, 9222968140491052852, 9222968140491052853, 9222968140491052854, 9222968140491052855, 9222968140491052856, 9222968140491052857, 5009, 9222968140491052865, 9222968140491052868, 9222968140491052869, 9222968140491052871, 9222968140491052872, 9222968140491052885, 9222968140491052888, 9222968140491052889, 9222968140491052890, 9222968140491052891, 9222968140491052892, 9222968140491052893, 9222968140491052894, 9222968140491052895, 9222968140491052896, 9222968140491052897, 9222968140491052898, 9222968140491052899, 9222968140491052900, 9222968140491052901, 9222968140491052902, 9222968140491052903, 9222968140491052904, 9222968140491052906, 9222968140491052907, 9222968140491052908, 9222968140491052909, 3, 9222968140491052918, 9222968140491052923, 9222968140491052924, 9222968140491052925, 65423, 47125, 9222968140491052926, 9222968140491052927, 5077, 9222968140491052928, 5078, 9222968140491052937, 9222968140491052941, 9222968140491052942, 9222968140491052943, 9222968140491052944, 9222968140491052945, 9222968140491052946, 9222968140491052947, 9222968140491052948, 9222968140491052949, 9222968140491052950, 9222968140491052951, 9222968140491052952, 9222968140491052953, 9222968140491052954, 9222968140491052955, 9222968140491052956, 9222968140491052957, 9222968140491052965, 9222968140491052970, 9222968140491052971, 9222968140491052972, 9222968140491052973, 9222968140491052985, 9222968140491052988, 9222968140491052989, 9222968140491052990, 122, 9222968140491052991, 9222968140491052992, 9222968140491052993, 9222968140491052994, 9222968140491052995, 9222968140491052996, 9222968140491052997, 9222968140491052998, 9222968140491052999, 9222968140491053000, 9222968140491053002, 9222968140491053003, 9222968140491053015, 9222968140491053017, 9222968140491053018, 9222968140491053019, 9222968140491053027, 9222968140491053031, 9222968140491053033, 9222968140491053034, 9222968140491053035, 9222968140491053036, 9222968140491053037, 5079, 967, 9222968140491053038, 9222968140491053039, 9222968140491053040, 9222968140491053041, 9222968140491053042, 9222968140491053043, 9222968140491053052, 9222968140491053057, 9222968140491053058, 9222968140491053059, 9222968140491053062, 9222968140491053069, 9222968140491053072, 9222968140491053073, 9222968140491053074, 9222968140491053075, 9222968140491053076, 9222968140491053077, 9222968140491053078, 9222968140491053079, 9222968140491053080, 9222968140491053081, 9222968140491053082, 9222968140491053083, 9222968140491053084, 9222968140491053085, 9222968140491053086, 9222968140491053087, 9222968140491053088, 9222968140491053092, 9222968140491053099, 9222968140491053101, 9222968140491053103, 9222968140491053104, 9222968140491053106, 9222968140491053107, 9222968140491053108, 123457, 9222968140491053117, 5080, 9222968140491053122, 9222968140491053123, 9222968140491053124, 9222968140491053125, 9222968140491053126, 9222968140491053127, 9222968140491053128, 9222968140491053129, 9222968140491053130, 9222968140491053131, 9222968140491053132, 9222968140491053133, 9222968140491053134, 9222968140491053135, 9222968140491053144, 9222968140491053147, 9222968140491053148, 9222968140491053149, 9222968140491053150, 9222968140491053151, 12121, 9222968140491053152, 9222968140491053160, 9222968140491053162, 5081, 9222968140491053165, 9222968140491053168, 9222968140491053169, 9222968140491053170, 5082, 9222968140491053171, 9222968140491053172, 9222968140491053173, 9222968140491053174, 9222968140491053175, 9222968140491053176, 9222968140491053177, 9222968140491053178, 9222968140491053179, 9222968140491053180, 9222968140491053181, 9222968140491053182, 975683214, 9222968140491053183, 9222968140491053184, 9222968140491053192, 9222968140491053193, 9222968140491053194, 9222968140491053198, 9222968140491053200, 9222968140491053201, 9222968140491053204, 9222968140491053205, 9222968140491053206, 9222968140491053209, 9222968140491053219, 9222968140491053220, 9222968140491053223, 9222968140491053224, 9222968140491053225, 9222968140491053226, 9222968140491053227, 9222968140491053228, 9222968140491053229, 9222968140491053230, 9222968140491053231, 9222968140491053232, 9222968140491053233, 9222968140491053234, 9222968140491053235, 9222968140491053236, 9222968140491053237, 9222968140491053238, 9222968140491053239, 9222968140491053240, 9222968140491053241, 9222968140491053242, 9222968140491053243, 9222968140491053244, 9222968140491053245, 9222968140491053246, 9222968140491053254, 9222968140491053260, 112233, 9222968140491053261, 9222968140491053262, 9222968140491053263, 9222968140491053264, 9222968140491053265, 9222968140491053266, 9222968140491053267, 9222968140491053268, 9222968140491053270, 9222968140491053271, 9222968140491053280, 9222968140491053284, 233, 694, 3879, 1009, 9222968140491053285, 9222968140491053286, 9222968140491053287, 9222968140491053288, 9222968140491053289, 1111, 9222968140491053290, 9222968140491053291, 9222968140491053292, 9222968140491053293, 9222968140491053294, 9222968140491053295, 9222968140491053296, 9222968140491053297, 9222968140491053307, 9222968140491053309, 9222968140491053310, 9222968140491053311, 1245, 9222968140491053312, 9222968140491053313, 9222968140491053314, 9222968140491053315, 9222968140491053316, 9222968140491053324, 9222968140491053326, 9222968140491053328, 9222968140491053330, 9222968140491053331, 9222968140491053333, 9222968140491053334, 9222968140491053335, 9222968140491053336, 9222968140491053337, 9222968140491053338, 9222968140491053339, 9222968140491053340, 9222968140491053341, 9222968140491053342, 9222968140491053343, 9222968140491053344, 9222968140491053345, 9222968140491053346, 9222968140491053347, 9222968140491053356, 9222968140491053361, 9222968140491053362, 10, 9222968140491053363, 9222968140491053364, 9222968140491053365, 9222968140491053366, 9222968140491053368, 9222968140491053369, 9222968140491053379, 9222968140491053382, 22, 9222968140491053383, 9222968140491053384, 9222968140491053385, 9222968140491053386, 9222968140491053387, 9222968140491053388, 9222968140491053389, 9222968140491053390, 9222968140491053391, 9222968140491053392, 9222968140491053393, 9222968140491053394, 9222968140491053395, 9222968140491053396, 9222968140491053397, 9222968140491053398, 9222968140491053399, 9222968140491053400, 9222968140491053401, 9222968140491053402, 9222968140491053403, 9222968140491053404, 9222968140491053405, 9222968140491053412, 9222968140491053417, 9222968140491053419, 9222968140491053420, 9222968140491053421, 9222968140491053422, 9222968140491053423, 1, 9222968140491053426, 9222968140491053433, 991, 9222968140491053436, 9222968140491053438, 9222968140491053439, 9222968140491053440, 9222968140491053441, 9222968140491053442, 9222968140491053443, 9222968140491053444, 9222968140491053445, 9222968140491053446, 9222968140491053447, 9222968140491053448, 9222968140491053449, 9222968140491053450, 9222968140491053451, 9222968140491053460, 9222968140491053465, 9222968140491053466, 9222968140491053467, 9222968140491053468, 9222968140491053476, 9222968140491053480, 9222968140491053482, 9222968140491053483, 9222968140491053484, 9222968140491053485, 9222968140491053486, 9222968140491053487, 9222968140491053488, 9222968140491053489, 9222968140491053490, 9222968140491053491, 9222968140491053492, 9222968140491053493, 9222968140491053502, 9222968140491053506, 9222968140491053507, 9222968140491053508, 9222968140491053511, 9222968140491053520, 9222968140491053524, 9222968140491053525, 9222968140491053526, 9222968140491053527, 9222968140491053528, 9222968140491053529, 9222968140491053530, 9222968140491053531, 9222968140491053532, 9222968140491053533, 9222968140491053534, 9222968140491053535, 9222968140491053536, 9222968140491053537, 9222968140491053538, 9222968140491053539, 9222968140491053540, 9222968140491053541, 9222968140491053542, 9222968140491053551, 9222968140491053555, 9222968140491053556, 9222968140491053557, 199999, 9222968140491053567, 9222968140491053568, 9222968140491053571, 9222968140491053572, 9222968140491053573, 9222968140491053574, 9222968140491053575, 9222968140491053576, 9222968140491053577, 9222968140491053578, 9222968140491053579, 9222968140491053580, 9222968140491053581, 9222968140491053582, 9222968140491053583, 161, 9222968140491053584, 9222968140491053594, 9222968140491053596, 9222968140491053597, 9222968140491053598, 9222968140491053599, 9222968140491053600, 9222968140491053608, 9222968140491053612, 9222968140491053615, 9222968140491053616, 9222968140491053617, 9222968140491053618, 9222968140491053619, 9222968140491053620, 9222968140491053621, 9222968140491053622, 9222968140491053623, 9222968140491053624, 9222968140491053625, 9222968140491053626, 9222968140491053634, 9222968140491053638, 9222968140491053639, 9222968140491053640, 9222968140491053649, 9222968140491053653, 9222968140491053654, 9222968140491053655, 9222968140491053656, 9222968140491053657, 9222968140491053658, 9222968140491053659, 9222968140491053660, 9222968140491053661, 9222968140491053662, 9222968140491053663, 9222968140491053664, 9222968140491053666, 9222968140491053673, 9222968140491053676]]" type="java.lang.AssertionError">
      <![CDATA[java.lang.AssertionError: expected [9222968140491052720] but found [[9222968140491052730, 9222968140491052731, 9222968140491052732, 11121, 9222968140491052733, 9222968140491052734, 9222968140491052744, 9222968140491052747, 9222968140491052748, 9222968140491052749, 12, 150, 9222968140491052756, 9222968140491052762, 9222968140491052765, 9222968140491052766, 9222968140491052767, 9222968140491052768, 9222968140491052769, 9222968140491052770, 9222968140491052771, 9222968140491052772, 9222968140491052773, 9222968140491052774, 9222968140491052775, 9222968140491052785, 9222968140491042131, 9222968140491052789, 9222968140491052790, 9222968140491052791, 600, 9222968140491052792, 9222968140491052793, 9222968140491052794, 9222968140491052798, 9222968140491052803, 9222968140491052806, 9222968140491052808, 9222968140491052809, 9222968140491052810, 9222968140491052811, 9222968140491052812, 9222968140491052813, 9222968140491052814, 9222968140491052815, 9222968140491052816, 9222968140491052817, 9222968140491052818, 9222968140491052828, 8005, 9222968140491052831, 9222968140491052832, 9222968140491052833, 5006, 9222968140491052841, 9222968140491052845, 9222968140491052847, 9222968140491052848, 9222968140491052849, 9222968140491052850, 9222968140491052851, 9222968140491052852, 9222968140491052853, 9222968140491052854, 9222968140491052855, 9222968140491052856, 9222968140491052857, 5009, 9222968140491052865, 9222968140491052868, 9222968140491052869, 9222968140491052871, 9222968140491052872, 9222968140491052885, 9222968140491052888, 9222968140491052889, 9222968140491052890, 9222968140491052891, 9222968140491052892, 9222968140491052893, 9222968140491052894, 9222968140491052895, 9222968140491052896, 9222968140491052897, 9222968140491052898, 9222968140491052899, 9222968140491052900, 9222968140491052901, 9222968140491052902, 9222968140491052903, 9222968140491052904, 9222968140491052906, 9222968140491052907, 9222968140491052908, 9222968140491052909, 3, 9222968140491052918, 9222968140491052923, 9222968140491052924, 9222968140491052925, 65423, 47125, 9222968140491052926, 9222968140491052927, 5077, 9222968140491052928, 5078, 9222968140491052937, 9222968140491052941, 9222968140491052942, 9222968140491052943, 9222968140491052944, 9222968140491052945, 9222968140491052946, 9222968140491052947, 9222968140491052948, 9222968140491052949, 9222968140491052950, 9222968140491052951, 9222968140491052952, 9222968140491052953, 9222968140491052954, 9222968140491052955, 9222968140491052956, 9222968140491052957, 9222968140491052965, 9222968140491052970, 9222968140491052971, 9222968140491052972, 9222968140491052973, 9222968140491052985, 9222968140491052988, 9222968140491052989, 9222968140491052990, 122, 9222968140491052991, 9222968140491052992, 9222968140491052993, 9222968140491052994, 9222968140491052995, 9222968140491052996, 9222968140491052997, 9222968140491052998, 9222968140491052999, 9222968140491053000, 9222968140491053002, 9222968140491053003, 9222968140491053015, 9222968140491053017, 9222968140491053018, 9222968140491053019, 9222968140491053027, 9222968140491053031, 9222968140491053033, 9222968140491053034, 9222968140491053035, 9222968140491053036, 9222968140491053037, 5079, 967, 9222968140491053038, 9222968140491053039, 9222968140491053040, 9222968140491053041, 9222968140491053042, 9222968140491053043, 9222968140491053052, 9222968140491053057, 9222968140491053058, 9222968140491053059, 9222968140491053062, 9222968140491053069, 9222968140491053072, 9222968140491053073, 9222968140491053074, 9222968140491053075, 9222968140491053076, 9222968140491053077, 9222968140491053078, 9222968140491053079, 9222968140491053080, 9222968140491053081, 9222968140491053082, 9222968140491053083, 9222968140491053084, 9222968140491053085, 9222968140491053086, 9222968140491053087, 9222968140491053088, 9222968140491053092, 9222968140491053099, 9222968140491053101, 9222968140491053103, 9222968140491053104, 9222968140491053106, 9222968140491053107, 9222968140491053108, 123457, 9222968140491053117, 5080, 9222968140491053122, 9222968140491053123, 9222968140491053124, 9222968140491053125, 9222968140491053126, 9222968140491053127, 9222968140491053128, 9222968140491053129, 9222968140491053130, 9222968140491053131, 9222968140491053132, 9222968140491053133, 9222968140491053134, 9222968140491053135, 9222968140491053144, 9222968140491053147, 9222968140491053148, 9222968140491053149, 9222968140491053150, 9222968140491053151, 12121, 9222968140491053152, 9222968140491053160, 9222968140491053162, 5081, 9222968140491053165, 9222968140491053168, 9222968140491053169, 9222968140491053170, 5082, 9222968140491053171, 9222968140491053172, 9222968140491053173, 9222968140491053174, 9222968140491053175, 9222968140491053176, 9222968140491053177, 9222968140491053178, 9222968140491053179, 9222968140491053180, 9222968140491053181, 9222968140491053182, 975683214, 9222968140491053183, 9222968140491053184, 9222968140491053192, 9222968140491053193, 9222968140491053194, 9222968140491053198, 9222968140491053200, 9222968140491053201, 9222968140491053204, 9222968140491053205, 9222968140491053206, 9222968140491053209, 9222968140491053219, 9222968140491053220, 9222968140491053223, 9222968140491053224, 9222968140491053225, 9222968140491053226, 9222968140491053227, 9222968140491053228, 9222968140491053229, 9222968140491053230, 9222968140491053231, 9222968140491053232, 9222968140491053233, 9222968140491053234, 9222968140491053235, 9222968140491053236, 9222968140491053237, 9222968140491053238, 9222968140491053239, 9222968140491053240, 9222968140491053241, 9222968140491053242, 9222968140491053243, 9222968140491053244, 9222968140491053245, 9222968140491053246, 9222968140491053254, 9222968140491053260, 112233, 9222968140491053261, 9222968140491053262, 9222968140491053263, 9222968140491053264, 9222968140491053265, 9222968140491053266, 9222968140491053267, 9222968140491053268, 9222968140491053270, 9222968140491053271, 9222968140491053280, 9222968140491053284, 233, 694, 3879, 1009, 9222968140491053285, 9222968140491053286, 9222968140491053287, 9222968140491053288, 9222968140491053289, 1111, 9222968140491053290, 9222968140491053291, 9222968140491053292, 9222968140491053293, 9222968140491053294, 9222968140491053295, 9222968140491053296, 9222968140491053297, 9222968140491053307, 9222968140491053309, 9222968140491053310, 9222968140491053311, 1245, 9222968140491053312, 9222968140491053313, 9222968140491053314, 9222968140491053315, 9222968140491053316, 9222968140491053324, 9222968140491053326, 9222968140491053328, 9222968140491053330, 9222968140491053331, 9222968140491053333, 9222968140491053334, 9222968140491053335, 9222968140491053336, 9222968140491053337, 9222968140491053338, 9222968140491053339, 9222968140491053340, 9222968140491053341, 9222968140491053342, 9222968140491053343, 9222968140491053344, 9222968140491053345, 9222968140491053346, 9222968140491053347, 9222968140491053356, 9222968140491053361, 9222968140491053362, 10, 9222968140491053363, 9222968140491053364, 9222968140491053365, 9222968140491053366, 9222968140491053368, 9222968140491053369, 9222968140491053379, 9222968140491053382, 22, 9222968140491053383, 9222968140491053384, 9222968140491053385, 9222968140491053386, 9222968140491053387, 9222968140491053388, 9222968140491053389, 9222968140491053390, 9222968140491053391, 9222968140491053392, 9222968140491053393, 9222968140491053394, 9222968140491053395, 9222968140491053396, 9222968140491053397, 9222968140491053398, 9222968140491053399, 9222968140491053400, 9222968140491053401, 9222968140491053402, 9222968140491053403, 9222968140491053404, 9222968140491053405, 9222968140491053412, 9222968140491053417, 9222968140491053419, 9222968140491053420, 9222968140491053421, 9222968140491053422, 9222968140491053423, 1, 9222968140491053426, 9222968140491053433, 991, 9222968140491053436, 9222968140491053438, 9222968140491053439, 9222968140491053440, 9222968140491053441, 9222968140491053442, 9222968140491053443, 9222968140491053444, 9222968140491053445, 9222968140491053446, 9222968140491053447, 9222968140491053448, 9222968140491053449, 9222968140491053450, 9222968140491053451, 9222968140491053460, 9222968140491053465, 9222968140491053466, 9222968140491053467, 9222968140491053468, 9222968140491053476, 9222968140491053480, 9222968140491053482, 9222968140491053483, 9222968140491053484, 9222968140491053485, 9222968140491053486, 9222968140491053487, 9222968140491053488, 9222968140491053489, 9222968140491053490, 9222968140491053491, 9222968140491053492, 9222968140491053493, 9222968140491053502, 9222968140491053506, 9222968140491053507, 9222968140491053508, 9222968140491053511, 9222968140491053520, 9222968140491053524, 9222968140491053525, 9222968140491053526, 9222968140491053527, 9222968140491053528, 9222968140491053529, 9222968140491053530, 9222968140491053531, 9222968140491053532, 9222968140491053533, 9222968140491053534, 9222968140491053535, 9222968140491053536, 9222968140491053537, 9222968140491053538, 9222968140491053539, 9222968140491053540, 9222968140491053541, 9222968140491053542, 9222968140491053551, 9222968140491053555, 9222968140491053556, 9222968140491053557, 199999, 9222968140491053567, 9222968140491053568, 9222968140491053571, 9222968140491053572, 9222968140491053573, 9222968140491053574, 9222968140491053575, 9222968140491053576, 9222968140491053577, 9222968140491053578, 9222968140491053579, 9222968140491053580, 9222968140491053581, 9222968140491053582, 9222968140491053583, 161, 9222968140491053584, 9222968140491053594, 9222968140491053596, 9222968140491053597, 9222968140491053598, 9222968140491053599, 9222968140491053600, 9222968140491053608, 9222968140491053612, 9222968140491053615, 9222968140491053616, 9222968140491053617, 9222968140491053618, 9222968140491053619, 9222968140491053620, 9222968140491053621, 9222968140491053622, 9222968140491053623, 9222968140491053624, 9222968140491053625, 9222968140491053626, 9222968140491053634, 9222968140491053638, 9222968140491053639, 9222968140491053640, 9222968140491053649, 9222968140491053653, 9222968140491053654, 9222968140491053655, 9222968140491053656, 9222968140491053657, 9222968140491053658, 9222968140491053659, 9222968140491053660, 9222968140491053661, 9222968140491053662, 9222968140491053663, 9222968140491053664, 9222968140491053666, 9222968140491053673, 9222968140491053676]]
at org.testng.Assert.fail(Assert.java:99)
at org.testng.Assert.failNotEquals(Assert.java:1037)
at org.testng.Assert.assertEqualsImpl(Assert.java:140)
at org.testng.Assert.assertEquals(Assert.java:122)
at org.testng.Assert.assertEquals(Assert.java:617)
at com.demo.pet.store.tests.TC01_GETRequest.getDemoPetStore(TC01_GETRequest.java:24)
at java.base/jdk.internal.reflect.NativeMethodAccessorImpl.invoke0(Native Method)
at java.base/jdk.internal.reflect.NativeMethodAccessorImpl.invoke(NativeMethodAccessorImpl.java:62)
at java.base/jdk.internal.reflect.DelegatingMethodAccessorImpl.invoke(DelegatingMethodAccessorImpl.java:43)
at java.base/java.lang.reflect.Method.invoke(Method.java:564)
at org.testng.internal.MethodInvocationHelper.invokeMethod(MethodInvocationHelper.java:132)
at org.testng.internal.TestInvoker.invokeMethod(TestInvoker.java:599)
at org.testng.internal.TestInvoker.invokeTestMethod(TestInvoker.java:174)
at org.testng.internal.MethodRunner.runInSequence(MethodRunner.java:46)
at org.testng.internal.TestInvoker$MethodInvocationAgent.invoke(TestInvoker.java:822)
at org.testng.internal.TestInvoker.invokeTestMethods(TestInvoker.java:147)
at org.testng.internal.TestMethodWorker.invokeTestMethods(TestMethodWorker.java:146)
at org.testng.internal.TestMethodWorker.run(TestMethodWorker.java:128)
at java.base/java.util.ArrayList.forEach(ArrayList.java:1511)
at org.testng.TestRunner.privateRun(TestRunner.java:764)
at org.testng.TestRunner.run(TestRunner.java:585)
at org.testng.SuiteRunner.runTest(SuiteRunner.java:384)
at org.testng.SuiteRunner.runSequentially(SuiteRunner.java:378)
at org.testng.SuiteRunner.privateRun(SuiteRunner.java:337)
at org.testng.SuiteRunner.run(SuiteRunner.java:286)
at org.testng.SuiteRunnerWorker.runSuite(SuiteRunnerWorker.java:53)
at org.testng.SuiteRunnerWorker.run(SuiteRunnerWorker.java:96)
at org.testng.TestNG.runSuitesSequentially(TestNG.java:1218)
at org.testng.TestNG.runSuitesLocally(TestNG.java:1140)
at org.testng.TestNG.runSuites(TestNG.java:1069)
at org.testng.TestNG.run(TestNG.java:1037)
at org.testng.remote.AbstractRemoteTestNG.run(AbstractRemoteTestNG.java:115)
at org.testng.remote.RemoteTestNG.initAndRun(RemoteTestNG.java:251)
at org.testng.remote.RemoteTestNG.main(RemoteTestNG.java:77)
]]>
    </failure>
  </testcase> <!-- getDemoPetStore -->
  <system-out/>
</testsuite> <!-- com.demo.pet.store.tests.TC01_GETRequest -->
