<?xml version="1.0" encoding="UTF-8"?>
<!-- Generated by org.testng.reporters.JUnitReportReporter -->
<testsuite hostname="LAPTOP-J2TF772B" failures="0" tests="1" name="com.demo.pet.store.tests.TC02_POSTRequest" time="16.520" errors="0" timestamp="2020-10-31T16:45:07 IST" skipped="0">
  <testcase classname="com.demo.pet.store.tests.TC02_POSTRequest" name="addandUpdateAvailablePet" time="16.520"/>
  <system-out/>
</testsuite> <!-- com.demo.pet.store.tests.TC02_POSTRequest -->
